<?xml version="1.0" encoding="UTF-8"?>
<!-- Generated by org.testng.reporters.JUnitReportReporter -->
<testsuite hostname="abhi" failures="0" tests="10" name="ChallengingDom.heroChallengingDom.HomeTest" time="3.547" errors="0" timestamp="2022-07-14T01:05:54 BST" skipped="0">
  <testcase classname="ChallengingDom.heroChallengingDom.HomeTest" name="checkAlertButtonTextAfterClick" time="1.285"/>
  <system-out/>
  <testcase classname="ChallengingDom.heroChallengingDom.HomeTest" name="validateFooter" time="0.072"/>
  <system-out/>
  <testcase classname="ChallengingDom.heroChallengingDom.HomeTest" name="checkButtonTextAfterClick" time="0.790"/>
  <system-out/>
  <testcase classname="ChallengingDom.heroChallengingDom.HomeTest" name="editTableFirstRow" time="0.137"/>
  <system-out/>
  <testcase classname="ChallengingDom.heroChallengingDom.HomeTest" name="checkAnswerClickSuccess" time="0.629"/>
  <system-out/>
  <testcase classname="ChallengingDom.heroChallengingDom.HomeTest" name="checkPageHeading" time="0.140"/>
  <system-out/>
  <testcase classname="ChallengingDom.heroChallengingDom.HomeTest" name="deleteTableFirstRow" time="0.125"/>
  <system-out/>
  <testcase classname="ChallengingDom.heroChallengingDom.HomeTest" name="printTableHeadings" time="0.144"/>
  <system-out/>
  <testcase classname="ChallengingDom.heroChallengingDom.HomeTest" name="printFirstRow" time="0.145"/>
  <system-out/>
  <testcase classname="ChallengingDom.heroChallengingDom.HomeTest" name="displayHeadingDiscription" time="0.080"/>
  <system-out/>
</testsuite> <!-- ChallengingDom.heroChallengingDom.HomeTest -->
